2024-11-10T00:50:44.662Z - Starting news blog scraping...
2024-11-10T00:51:09.692Z - Scraping completed successfully. Processed 3 blogs.
2024-11-10T00:51:09.693Z - Blogs with details: 3/3
2024-11-10T00:51:20.047Z - Starting news blog scraping...
2024-11-10T00:51:40.640Z - Starting news blog scraping...
2024-11-10T00:51:40.641Z - Uncaught Exception: newsScrapper is not defined
2024-11-10T00:51:40.642Z - Stack trace: ReferenceError: newsScrapper is not defined
    at Object.<anonymous> (/home/scorp39/programmes/crex-ser/jobs/newsScraper.js:74:31)
    at Module._compile (node:internal/modules/cjs/loader:1467:14)
    at Module._extensions..js (node:internal/modules/cjs/loader:1551:10)
    at Module.load (node:internal/modules/cjs/loader:1282:32)
    at Module._load (node:internal/modules/cjs/loader:1098:12)
    at TracingChannel.traceSync (node:diagnostics_channel:315:14)
    at wrapModuleLoad (node:internal/modules/cjs/loader:215:24)
    at Module.require (node:internal/modules/cjs/loader:1304:12)
    at require (node:internal/modules/helpers:123:16)
    at Object.<anonymous> (/home/scorp39/programmes/crex-ser/index.js:89:13)
2024-11-10T00:51:47.959Z - Starting news blog scraping...
2024-11-10T00:51:47.961Z - Uncaught Exception: newsScrapper is not defined
2024-11-10T00:51:47.962Z - Stack trace: ReferenceError: newsScrapper is not defined
    at Object.<anonymous> (/home/scorp39/programmes/crex-ser/jobs/newsScraper.js:74:19)
    at Module._compile (node:internal/modules/cjs/loader:1467:14)
    at Module._extensions..js (node:internal/modules/cjs/loader:1551:10)
    at Module.load (node:internal/modules/cjs/loader:1282:32)
    at Module._load (node:internal/modules/cjs/loader:1098:12)
    at TracingChannel.traceSync (node:diagnostics_channel:315:14)
    at wrapModuleLoad (node:internal/modules/cjs/loader:215:24)
    at Module.require (node:internal/modules/cjs/loader:1304:12)
    at require (node:internal/modules/helpers:123:16)
    at Object.<anonymous> (/home/scorp39/programmes/crex-ser/index.js:89:13)
2024-11-10T00:51:53.406Z - Starting news blog scraping...
2024-11-10T00:51:53.915Z - Starting news blog scraping...
